2025-07-13 === [restartedMain] === INFO  === c.sideproject.parking_java.ParkingJavaApplication ==== Starting ParkingJavaApplication using Java 17.0.15 with PID 198406 (/mnt/d/Users/zhui/Desktop/Repo2.0/parking_java/target/classes started by zhui in /mnt/d/Users/zhui/Desktop/Repo2.0/parking_java)
2025-07-13 === [restartedMain] === INFO  === c.sideproject.parking_java.ParkingJavaApplication ==== No active profile set, falling back to 1 default profile: "default"
2025-07-13 === [restartedMain] === INFO  === o.s.b.d.env.DevToolsPropertyDefaultsPostProcessor ==== Devtools property defaults active! Set 'spring.devtools.add-properties' to 'false' to disable
2025-07-13 === [restartedMain] === INFO  === o.s.b.d.env.DevToolsPropertyDefaultsPostProcessor ==== For additional web related logging consider setting the 'logging.level.web' property to 'DEBUG'
2025-07-13 === [restartedMain] === INFO  === o.s.d.r.config.RepositoryConfigurationDelegate ==== Multiple Spring Data modules found, entering strict repository configuration mode
2025-07-13 === [restartedMain] === INFO  === o.s.d.r.config.RepositoryConfigurationDelegate ==== Bootstrapping Spring Data JPA repositories in DEFAULT mode.
2025-07-13 === [restartedMain] === INFO  === o.s.d.r.config.RepositoryConfigurationDelegate ==== Finished Spring Data repository scanning in 169 ms. Found 0 JPA repository interfaces.
2025-07-13 === [restartedMain] === INFO  === o.s.d.r.config.RepositoryConfigurationDelegate ==== Multiple Spring Data modules found, entering strict repository configuration mode
2025-07-13 === [restartedMain] === INFO  === o.s.d.r.config.RepositoryConfigurationDelegate ==== Bootstrapping Spring Data Redis repositories in DEFAULT mode.
2025-07-13 === [restartedMain] === INFO  === o.s.d.r.config.RepositoryConfigurationDelegate ==== Finished Spring Data repository scanning in 84 ms. Found 0 Redis repository interfaces.
2025-07-13 === [restartedMain] === INFO  === o.s.boot.web.embedded.tomcat.TomcatWebServer ==== Tomcat initialized with port 9999 (http)
2025-07-13 === [restartedMain] === INFO  === org.apache.catalina.core.StandardService ==== Starting service [Tomcat]
2025-07-13 === [restartedMain] === INFO  === org.apache.catalina.core.StandardEngine ==== Starting Servlet engine: [Apache Tomcat/10.1.41]
2025-07-13 === [restartedMain] === INFO  === o.a.c.core.ContainerBase.[Tomcat].[localhost].[/] ==== Initializing Spring embedded WebApplicationContext
2025-07-13 === [restartedMain] === INFO  === o.s.b.w.s.c.ServletWebServerApplicationContext ==== Root WebApplicationContext: initialization completed in 8893 ms
2025-07-13 === [restartedMain] === INFO  === com.zaxxer.hikari.HikariDataSource ==== HikariPool-1 - Starting...
2025-07-13 === [restartedMain] === INFO  === com.zaxxer.hikari.pool.HikariPool ==== HikariPool-1 - Added connection com.mysql.cj.jdbc.ConnectionImpl@77dda8ab
2025-07-13 === [restartedMain] === INFO  === com.zaxxer.hikari.HikariDataSource ==== HikariPool-1 - Start completed.
2025-07-13 === [restartedMain] === INFO  === org.hibernate.jpa.internal.util.LogHelper ==== HHH000204: Processing PersistenceUnitInfo [name: default]
2025-07-13 === [restartedMain] === INFO  === org.hibernate.Version ==== HHH000412: Hibernate ORM core version 6.6.15.Final
2025-07-13 === [restartedMain] === INFO  === o.hibernate.cache.internal.RegionFactoryInitiator ==== HHH000026: Second-level cache disabled
2025-07-13 === [restartedMain] === INFO  === o.s.o.j.persistenceunit.SpringPersistenceUnitInfo ==== No LoadTimeWeaver setup: ignoring JPA class transformer
2025-07-13 === [restartedMain] === INFO  === org.hibernate.orm.connections.pooling ==== HHH10001005: Database info:
	Database JDBC URL [Connecting through datasource 'HikariDataSource (HikariPool-1)']
	Database driver: undefined/unknown
	Database version: 8.0.41
	Autocommit mode: undefined/unknown
	Isolation level: undefined/unknown
	Minimum pool size: undefined/unknown
	Maximum pool size: undefined/unknown
2025-07-13 === [restartedMain] === INFO  === o.h.e.t.jta.platform.internal.JtaPlatformInitiator ==== HHH000489: No JTA platform available (set 'hibernate.transaction.jta.platform' to enable JTA platform integration)
2025-07-13 === [restartedMain] === INFO  === o.s.orm.jpa.LocalContainerEntityManagerFactoryBean ==== Initialized JPA EntityManagerFactory for persistence unit 'default'
2025-07-13 === [lettuce-nioEventLoop-4-1] === WARN  === i.l.c.c.topology.DefaultClusterTopologyRefresh ==== Unable to connect to [parkingjava-3f4b3j.serverless.apse2.cache.amazonaws.com/<unresolved>:6379]: java.nio.channels.ClosedChannelException
2025-07-13 === [restartedMain] === WARN  === o.s.b.w.s.c.AnnotationConfigServletWebServerApplicationContext ==== Exception encountered during context initialization - cancelling refresh attempt: org.springframework.beans.factory.BeanCreationException: Error creating bean with name 'redisKeyExpirationService' defined in file [/mnt/d/Users/zhui/Desktop/Repo2.0/parking_java/target/classes/com/sideproject/parking_java/redis/RedisKeyExpirationService.class]: Unable to connect to Redis
2025-07-13 === [restartedMain] === INFO  === o.s.orm.jpa.LocalContainerEntityManagerFactoryBean ==== Closing JPA EntityManagerFactory for persistence unit 'default'
2025-07-13 === [restartedMain] === INFO  === com.zaxxer.hikari.HikariDataSource ==== HikariPool-1 - Shutdown initiated...
2025-07-13 === [restartedMain] === INFO  === com.zaxxer.hikari.HikariDataSource ==== HikariPool-1 - Shutdown completed.
2025-07-13 === [restartedMain] === INFO  === org.apache.catalina.core.StandardService ==== Stopping service [Tomcat]
2025-07-13 === [restartedMain] === INFO  === o.s.b.a.logging.ConditionEvaluationReportLogger ==== 

Error starting ApplicationContext. To display the condition evaluation report re-run your application with 'debug' enabled.
2025-07-13 === [restartedMain] === ERROR === org.springframework.boot.SpringApplication ==== Application run failed
org.springframework.beans.factory.BeanCreationException: Error creating bean with name 'redisKeyExpirationService' defined in file [/mnt/d/Users/zhui/Desktop/Repo2.0/parking_java/target/classes/com/sideproject/parking_java/redis/RedisKeyExpirationService.class]: Unable to connect to Redis
	at org.springframework.beans.factory.support.AbstractAutowireCapableBeanFactory.initializeBean(AbstractAutowireCapableBeanFactory.java:1826)
	at org.springframework.beans.factory.support.AbstractAutowireCapableBeanFactory.doCreateBean(AbstractAutowireCapableBeanFactory.java:607)
	at org.springframework.beans.factory.support.AbstractAutowireCapableBeanFactory.createBean(AbstractAutowireCapableBeanFactory.java:529)
	at org.springframework.beans.factory.support.AbstractBeanFactory.lambda$doGetBean$0(AbstractBeanFactory.java:339)
	at org.springframework.beans.factory.support.DefaultSingletonBeanRegistry.getSingleton(DefaultSingletonBeanRegistry.java:373)
	at org.springframework.beans.factory.support.AbstractBeanFactory.doGetBean(AbstractBeanFactory.java:337)
	at org.springframework.beans.factory.support.AbstractBeanFactory.getBean(AbstractBeanFactory.java:202)
	at org.springframework.beans.factory.support.DefaultListableBeanFactory.instantiateSingleton(DefaultListableBeanFactory.java:1222)
	at org.springframework.beans.factory.support.DefaultListableBeanFactory.preInstantiateSingleton(DefaultListableBeanFactory.java:1188)
	at org.springframework.beans.factory.support.DefaultListableBeanFactory.preInstantiateSingletons(DefaultListableBeanFactory.java:1123)
	at org.springframework.context.support.AbstractApplicationContext.finishBeanFactoryInitialization(AbstractApplicationContext.java:987)
	at org.springframework.context.support.AbstractApplicationContext.refresh(AbstractApplicationContext.java:627)
	at org.springframework.boot.web.servlet.context.ServletWebServerApplicationContext.refresh(ServletWebServerApplicationContext.java:146)
	at org.springframework.boot.SpringApplication.refresh(SpringApplication.java:753)
	at org.springframework.boot.SpringApplication.refreshContext(SpringApplication.java:439)
	at org.springframework.boot.SpringApplication.run(SpringApplication.java:318)
	at org.springframework.boot.SpringApplication.run(SpringApplication.java:1362)
	at org.springframework.boot.SpringApplication.run(SpringApplication.java:1351)
	at com.sideproject.parking_java.ParkingJavaApplication.main(ParkingJavaApplication.java:10)
	at java.base/jdk.internal.reflect.NativeMethodAccessorImpl.invoke0(Native Method)
	at java.base/jdk.internal.reflect.NativeMethodAccessorImpl.invoke(NativeMethodAccessorImpl.java:77)
	at java.base/jdk.internal.reflect.DelegatingMethodAccessorImpl.invoke(DelegatingMethodAccessorImpl.java:43)
	at java.base/java.lang.reflect.Method.invoke(Method.java:569)
	at org.springframework.boot.devtools.restart.RestartLauncher.run(RestartLauncher.java:50)
Caused by: org.springframework.data.redis.RedisConnectionFailureException: Unable to connect to Redis
	at org.springframework.data.redis.connection.lettuce.LettuceConnectionFactory$ExceptionTranslatingConnectionProvider.translateException(LettuceConnectionFactory.java:1858)
	at org.springframework.data.redis.connection.lettuce.LettuceConnectionFactory$ExceptionTranslatingConnectionProvider.getConnection(LettuceConnectionFactory.java:1789)
	at org.springframework.data.redis.connection.lettuce.LettuceConnectionFactory$SharedConnection.getNativeConnection(LettuceConnectionFactory.java:1586)
	at org.springframework.data.redis.connection.lettuce.LettuceConnectionFactory$SharedConnection.lambda$getConnection$0(LettuceConnectionFactory.java:1566)
	at org.springframework.data.redis.connection.lettuce.LettuceConnectionFactory.doInLock(LettuceConnectionFactory.java:1527)
	at org.springframework.data.redis.connection.lettuce.LettuceConnectionFactory$SharedConnection.getConnection(LettuceConnectionFactory.java:1563)
	at org.springframework.data.redis.connection.lettuce.LettuceConnectionFactory.getSharedClusterConnection(LettuceConnectionFactory.java:1263)
	at org.springframework.data.redis.connection.lettuce.LettuceConnectionFactory.getClusterConnection(LettuceConnectionFactory.java:1074)
	at org.springframework.data.redis.connection.lettuce.LettuceConnectionFactory.getConnection(LettuceConnectionFactory.java:1052)
	at org.springframework.data.redis.listener.KeyspaceEventMessageListener.init(KeyspaceEventMessageListener.java:105)
	at org.springframework.data.redis.listener.KeyspaceEventMessageListener.afterPropertiesSet(KeyspaceEventMessageListener.java:70)
	at org.springframework.beans.factory.support.AbstractAutowireCapableBeanFactory.invokeInitMethods(AbstractAutowireCapableBeanFactory.java:1873)
	at org.springframework.beans.factory.support.AbstractAutowireCapableBeanFactory.initializeBean(AbstractAutowireCapableBeanFactory.java:1822)
	... 23 common frames omitted
Caused by: org.springframework.data.redis.connection.PoolException: Could not get a resource from the pool
	at org.springframework.data.redis.connection.lettuce.LettucePoolingConnectionProvider.getConnection(LettucePoolingConnectionProvider.java:114)
	at org.springframework.data.redis.connection.lettuce.LettuceConnectionFactory$ExceptionTranslatingConnectionProvider.getConnection(LettuceConnectionFactory.java:1787)
	... 34 common frames omitted
Caused by: io.lettuce.core.RedisException: Cannot obtain initial Redis Cluster topology
	at io.lettuce.core.cluster.RedisClusterClient.lambda$getPartitions$0(RedisClusterClient.java:336)
	at io.lettuce.core.cluster.RedisClusterClient.get(RedisClusterClient.java:970)
	at io.lettuce.core.cluster.RedisClusterClient.getPartitions(RedisClusterClient.java:336)
	at org.springframework.data.redis.connection.lettuce.ClusterConnectionProvider.getConnectionAsync(ClusterConnectionProvider.java:100)
	at org.springframework.data.redis.connection.lettuce.ClusterConnectionProvider.getConnectionAsync(ClusterConnectionProvider.java:44)
	at org.springframework.data.redis.connection.lettuce.LettuceConnectionProvider.getConnection(LettuceConnectionProvider.java:53)
	at org.springframework.data.redis.connection.lettuce.LettucePoolingConnectionProvider.lambda$getConnection$0(LettucePoolingConnectionProvider.java:96)
	at io.lettuce.core.support.ConnectionPoolSupport$RedisPooledObjectFactory.create(ConnectionPoolSupport.java:196)
	at io.lettuce.core.support.ConnectionPoolSupport$RedisPooledObjectFactory.create(ConnectionPoolSupport.java:186)
	at org.apache.commons.pool2.BasePooledObjectFactory.makeObject(BasePooledObjectFactory.java:68)
	at org.apache.commons.pool2.impl.GenericObjectPool.create(GenericObjectPool.java:557)
	at org.apache.commons.pool2.impl.GenericObjectPool.borrowObject(GenericObjectPool.java:299)
	at org.apache.commons.pool2.impl.GenericObjectPool.borrowObject(GenericObjectPool.java:231)
	at io.lettuce.core.support.ConnectionPoolSupport$1.borrowObject(ConnectionPoolSupport.java:107)
	at io.lettuce.core.support.ConnectionPoolSupport$1.borrowObject(ConnectionPoolSupport.java:102)
	at org.springframework.data.redis.connection.lettuce.LettucePoolingConnectionProvider.getConnection(LettucePoolingConnectionProvider.java:109)
	... 35 common frames omitted
Caused by: io.lettuce.core.cluster.topology.DefaultClusterTopologyRefresh$CannotRetrieveClusterPartitions: Cannot retrieve cluster partitions from [redis://parkingjava-3f4b3j.serverless.apse2.cache.amazonaws.com?timeout=3s]

Details:
	[redis://parkingjava-3f4b3j.serverless.apse2.cache.amazonaws.com?timeout=3s]: java.nio.channels.ClosedChannelException

	Suppressed: io.lettuce.core.RedisConnectionException: Unable to connect to [parkingjava-3f4b3j.serverless.apse2.cache.amazonaws.com/<unresolved>:6379]: java.nio.channels.ClosedChannelException
		at io.lettuce.core.cluster.topology.DefaultClusterTopologyRefresh.lambda$openConnections$12(DefaultClusterTopologyRefresh.java:350)
		at java.base/java.util.concurrent.CompletableFuture.uniWhenComplete(CompletableFuture.java:863)
		at java.base/java.util.concurrent.CompletableFuture$UniWhenComplete.tryFire(CompletableFuture.java:841)
		at java.base/java.util.concurrent.CompletableFuture.postComplete(CompletableFuture.java:510)
		at java.base/java.util.concurrent.CompletableFuture.completeExceptionally(CompletableFuture.java:2162)
		at io.lettuce.core.AbstractRedisClient.lambda$initializeChannelAsync0$6(AbstractRedisClient.java:458)
		at io.netty.util.concurrent.DefaultPromise.notifyListener0(DefaultPromise.java:603)
		at io.netty.util.concurrent.DefaultPromise.notifyListeners0(DefaultPromise.java:596)
		at io.netty.util.concurrent.DefaultPromise.notifyListenersNow(DefaultPromise.java:572)
		at io.netty.util.concurrent.DefaultPromise.notifyListeners(DefaultPromise.java:505)
		at io.netty.util.concurrent.DefaultPromise.setValue0(DefaultPromise.java:649)
		at io.netty.util.concurrent.DefaultPromise.setFailure0(DefaultPromise.java:642)
		at io.netty.util.concurrent.DefaultPromise.tryFailure(DefaultPromise.java:131)
		at io.netty.channel.nio.AbstractNioChannel.doClose(AbstractNioChannel.java:507)
		at io.netty.channel.socket.nio.NioSocketChannel.doClose(NioSocketChannel.java:348)
		at io.netty.channel.AbstractChannel$AbstractUnsafe.doClose0(AbstractChannel.java:752)
		at io.netty.channel.AbstractChannel$AbstractUnsafe.close(AbstractChannel.java:729)
		at io.netty.channel.AbstractChannel$AbstractUnsafe.close(AbstractChannel.java:619)
		at io.netty.channel.DefaultChannelPipeline$HeadContext.close(DefaultChannelPipeline.java:1299)
		at io.netty.channel.AbstractChannelHandlerContext.invokeClose(AbstractChannelHandlerContext.java:755)
		at io.netty.channel.AbstractChannelHandlerContext.access$1200(AbstractChannelHandlerContext.java:61)
		at io.netty.channel.AbstractChannelHandlerContext$11.run(AbstractChannelHandlerContext.java:738)
		at io.netty.util.concurrent.AbstractEventExecutor.runTask(AbstractEventExecutor.java:173)
		at io.netty.util.concurrent.AbstractEventExecutor.safeExecute(AbstractEventExecutor.java:166)
		at io.netty.util.concurrent.SingleThreadEventExecutor.runAllTasks(SingleThreadEventExecutor.java:472)
		at io.netty.channel.nio.NioEventLoop.run(NioEventLoop.java:569)
		at io.netty.util.concurrent.SingleThreadEventExecutor$4.run(SingleThreadEventExecutor.java:998)
		at io.netty.util.internal.ThreadExecutorMap$2.run(ThreadExecutorMap.java:74)
		at io.netty.util.concurrent.FastThreadLocalRunnable.run(FastThreadLocalRunnable.java:30)
		at java.base/java.lang.Thread.run(Thread.java:840)
	Caused by: java.nio.channels.ClosedChannelException: null
		... 17 common frames omitted
2025-07-13 === [restartedMain] === INFO  === c.sideproject.parking_java.ParkingJavaApplication ==== Starting ParkingJavaApplication using Java 17.0.15 with PID 200256 (/mnt/d/Users/zhui/Desktop/Repo2.0/parking_java/target/classes started by zhui in /mnt/d/Users/zhui/Desktop/Repo2.0/parking_java)
2025-07-13 === [restartedMain] === INFO  === c.sideproject.parking_java.ParkingJavaApplication ==== No active profile set, falling back to 1 default profile: "default"
2025-07-13 === [restartedMain] === INFO  === o.s.b.d.env.DevToolsPropertyDefaultsPostProcessor ==== Devtools property defaults active! Set 'spring.devtools.add-properties' to 'false' to disable
2025-07-13 === [restartedMain] === INFO  === o.s.b.d.env.DevToolsPropertyDefaultsPostProcessor ==== For additional web related logging consider setting the 'logging.level.web' property to 'DEBUG'
2025-07-13 === [restartedMain] === INFO  === o.s.d.r.config.RepositoryConfigurationDelegate ==== Multiple Spring Data modules found, entering strict repository configuration mode
2025-07-13 === [restartedMain] === INFO  === o.s.d.r.config.RepositoryConfigurationDelegate ==== Bootstrapping Spring Data JPA repositories in DEFAULT mode.
2025-07-13 === [restartedMain] === INFO  === o.s.d.r.config.RepositoryConfigurationDelegate ==== Finished Spring Data repository scanning in 173 ms. Found 0 JPA repository interfaces.
2025-07-13 === [restartedMain] === INFO  === o.s.d.r.config.RepositoryConfigurationDelegate ==== Multiple Spring Data modules found, entering strict repository configuration mode
2025-07-13 === [restartedMain] === INFO  === o.s.d.r.config.RepositoryConfigurationDelegate ==== Bootstrapping Spring Data Redis repositories in DEFAULT mode.
2025-07-13 === [restartedMain] === INFO  === o.s.d.r.config.RepositoryConfigurationDelegate ==== Finished Spring Data repository scanning in 84 ms. Found 0 Redis repository interfaces.
2025-07-13 === [restartedMain] === INFO  === o.s.boot.web.embedded.tomcat.TomcatWebServer ==== Tomcat initialized with port 9999 (http)
2025-07-13 === [restartedMain] === INFO  === org.apache.catalina.core.StandardService ==== Starting service [Tomcat]
2025-07-13 === [restartedMain] === INFO  === org.apache.catalina.core.StandardEngine ==== Starting Servlet engine: [Apache Tomcat/10.1.41]
2025-07-13 === [restartedMain] === INFO  === o.a.c.core.ContainerBase.[Tomcat].[localhost].[/] ==== Initializing Spring embedded WebApplicationContext
2025-07-13 === [restartedMain] === INFO  === o.s.b.w.s.c.ServletWebServerApplicationContext ==== Root WebApplicationContext: initialization completed in 8342 ms
2025-07-13 === [restartedMain] === INFO  === com.zaxxer.hikari.HikariDataSource ==== HikariPool-1 - Starting...
2025-07-13 === [restartedMain] === INFO  === com.zaxxer.hikari.pool.HikariPool ==== HikariPool-1 - Added connection com.mysql.cj.jdbc.ConnectionImpl@d669175
2025-07-13 === [restartedMain] === INFO  === com.zaxxer.hikari.HikariDataSource ==== HikariPool-1 - Start completed.
2025-07-13 === [restartedMain] === INFO  === org.hibernate.jpa.internal.util.LogHelper ==== HHH000204: Processing PersistenceUnitInfo [name: default]
2025-07-13 === [restartedMain] === INFO  === org.hibernate.Version ==== HHH000412: Hibernate ORM core version 6.6.15.Final
2025-07-13 === [restartedMain] === INFO  === o.hibernate.cache.internal.RegionFactoryInitiator ==== HHH000026: Second-level cache disabled
2025-07-13 === [restartedMain] === INFO  === o.s.o.j.persistenceunit.SpringPersistenceUnitInfo ==== No LoadTimeWeaver setup: ignoring JPA class transformer
2025-07-13 === [restartedMain] === INFO  === org.hibernate.orm.connections.pooling ==== HHH10001005: Database info:
	Database JDBC URL [Connecting through datasource 'HikariDataSource (HikariPool-1)']
	Database driver: undefined/unknown
	Database version: 8.0.41
	Autocommit mode: undefined/unknown
	Isolation level: undefined/unknown
	Minimum pool size: undefined/unknown
	Maximum pool size: undefined/unknown
2025-07-13 === [restartedMain] === INFO  === o.h.e.t.jta.platform.internal.JtaPlatformInitiator ==== HHH000489: No JTA platform available (set 'hibernate.transaction.jta.platform' to enable JTA platform integration)
2025-07-13 === [restartedMain] === INFO  === o.s.orm.jpa.LocalContainerEntityManagerFactoryBean ==== Initialized JPA EntityManagerFactory for persistence unit 'default'
2025-07-13 === [lettuce-nioEventLoop-4-1] === WARN  === i.l.c.c.topology.DefaultClusterTopologyRefresh ==== Unable to connect to [parkingjava-3f4b3j.serverless.apse2.cache.amazonaws.com/<unresolved>:6379]: java.nio.channels.ClosedChannelException
2025-07-13 === [restartedMain] === WARN  === o.s.b.w.s.c.AnnotationConfigServletWebServerApplicationContext ==== Exception encountered during context initialization - cancelling refresh attempt: org.springframework.beans.factory.BeanCreationException: Error creating bean with name 'redisKeyExpirationService' defined in file [/mnt/d/Users/zhui/Desktop/Repo2.0/parking_java/target/classes/com/sideproject/parking_java/redis/RedisKeyExpirationService.class]: Unable to connect to Redis
2025-07-13 === [restartedMain] === INFO  === o.s.orm.jpa.LocalContainerEntityManagerFactoryBean ==== Closing JPA EntityManagerFactory for persistence unit 'default'
2025-07-13 === [restartedMain] === INFO  === com.zaxxer.hikari.HikariDataSource ==== HikariPool-1 - Shutdown initiated...
2025-07-13 === [restartedMain] === INFO  === com.zaxxer.hikari.HikariDataSource ==== HikariPool-1 - Shutdown completed.
2025-07-13 === [restartedMain] === INFO  === org.apache.catalina.core.StandardService ==== Stopping service [Tomcat]
2025-07-13 === [restartedMain] === INFO  === o.s.b.a.logging.ConditionEvaluationReportLogger ==== 

Error starting ApplicationContext. To display the condition evaluation report re-run your application with 'debug' enabled.
2025-07-13 === [restartedMain] === ERROR === org.springframework.boot.SpringApplication ==== Application run failed
org.springframework.beans.factory.BeanCreationException: Error creating bean with name 'redisKeyExpirationService' defined in file [/mnt/d/Users/zhui/Desktop/Repo2.0/parking_java/target/classes/com/sideproject/parking_java/redis/RedisKeyExpirationService.class]: Unable to connect to Redis
	at org.springframework.beans.factory.support.AbstractAutowireCapableBeanFactory.initializeBean(AbstractAutowireCapableBeanFactory.java:1826)
	at org.springframework.beans.factory.support.AbstractAutowireCapableBeanFactory.doCreateBean(AbstractAutowireCapableBeanFactory.java:607)
	at org.springframework.beans.factory.support.AbstractAutowireCapableBeanFactory.createBean(AbstractAutowireCapableBeanFactory.java:529)
	at org.springframework.beans.factory.support.AbstractBeanFactory.lambda$doGetBean$0(AbstractBeanFactory.java:339)
	at org.springframework.beans.factory.support.DefaultSingletonBeanRegistry.getSingleton(DefaultSingletonBeanRegistry.java:373)
	at org.springframework.beans.factory.support.AbstractBeanFactory.doGetBean(AbstractBeanFactory.java:337)
	at org.springframework.beans.factory.support.AbstractBeanFactory.getBean(AbstractBeanFactory.java:202)
	at org.springframework.beans.factory.support.DefaultListableBeanFactory.instantiateSingleton(DefaultListableBeanFactory.java:1222)
	at org.springframework.beans.factory.support.DefaultListableBeanFactory.preInstantiateSingleton(DefaultListableBeanFactory.java:1188)
	at org.springframework.beans.factory.support.DefaultListableBeanFactory.preInstantiateSingletons(DefaultListableBeanFactory.java:1123)
	at org.springframework.context.support.AbstractApplicationContext.finishBeanFactoryInitialization(AbstractApplicationContext.java:987)
	at org.springframework.context.support.AbstractApplicationContext.refresh(AbstractApplicationContext.java:627)
	at org.springframework.boot.web.servlet.context.ServletWebServerApplicationContext.refresh(ServletWebServerApplicationContext.java:146)
	at org.springframework.boot.SpringApplication.refresh(SpringApplication.java:753)
	at org.springframework.boot.SpringApplication.refreshContext(SpringApplication.java:439)
	at org.springframework.boot.SpringApplication.run(SpringApplication.java:318)
	at org.springframework.boot.SpringApplication.run(SpringApplication.java:1362)
	at org.springframework.boot.SpringApplication.run(SpringApplication.java:1351)
	at com.sideproject.parking_java.ParkingJavaApplication.main(ParkingJavaApplication.java:10)
	at java.base/jdk.internal.reflect.NativeMethodAccessorImpl.invoke0(Native Method)
	at java.base/jdk.internal.reflect.NativeMethodAccessorImpl.invoke(NativeMethodAccessorImpl.java:77)
	at java.base/jdk.internal.reflect.DelegatingMethodAccessorImpl.invoke(DelegatingMethodAccessorImpl.java:43)
	at java.base/java.lang.reflect.Method.invoke(Method.java:569)
	at org.springframework.boot.devtools.restart.RestartLauncher.run(RestartLauncher.java:50)
Caused by: org.springframework.data.redis.RedisConnectionFailureException: Unable to connect to Redis
	at org.springframework.data.redis.connection.lettuce.LettuceConnectionFactory$ExceptionTranslatingConnectionProvider.translateException(LettuceConnectionFactory.java:1858)
	at org.springframework.data.redis.connection.lettuce.LettuceConnectionFactory$ExceptionTranslatingConnectionProvider.getConnection(LettuceConnectionFactory.java:1789)
	at org.springframework.data.redis.connection.lettuce.LettuceConnectionFactory$SharedConnection.getNativeConnection(LettuceConnectionFactory.java:1586)
	at org.springframework.data.redis.connection.lettuce.LettuceConnectionFactory$SharedConnection.lambda$getConnection$0(LettuceConnectionFactory.java:1566)
	at org.springframework.data.redis.connection.lettuce.LettuceConnectionFactory.doInLock(LettuceConnectionFactory.java:1527)
	at org.springframework.data.redis.connection.lettuce.LettuceConnectionFactory$SharedConnection.getConnection(LettuceConnectionFactory.java:1563)
	at org.springframework.data.redis.connection.lettuce.LettuceConnectionFactory.getSharedClusterConnection(LettuceConnectionFactory.java:1263)
	at org.springframework.data.redis.connection.lettuce.LettuceConnectionFactory.getClusterConnection(LettuceConnectionFactory.java:1074)
	at org.springframework.data.redis.connection.lettuce.LettuceConnectionFactory.getConnection(LettuceConnectionFactory.java:1052)
	at org.springframework.data.redis.listener.KeyspaceEventMessageListener.init(KeyspaceEventMessageListener.java:105)
	at org.springframework.data.redis.listener.KeyspaceEventMessageListener.afterPropertiesSet(KeyspaceEventMessageListener.java:70)
	at org.springframework.beans.factory.support.AbstractAutowireCapableBeanFactory.invokeInitMethods(AbstractAutowireCapableBeanFactory.java:1873)
	at org.springframework.beans.factory.support.AbstractAutowireCapableBeanFactory.initializeBean(AbstractAutowireCapableBeanFactory.java:1822)
	... 23 common frames omitted
Caused by: org.springframework.data.redis.connection.PoolException: Could not get a resource from the pool
	at org.springframework.data.redis.connection.lettuce.LettucePoolingConnectionProvider.getConnection(LettucePoolingConnectionProvider.java:114)
	at org.springframework.data.redis.connection.lettuce.LettuceConnectionFactory$ExceptionTranslatingConnectionProvider.getConnection(LettuceConnectionFactory.java:1787)
	... 34 common frames omitted
Caused by: io.lettuce.core.RedisException: Cannot obtain initial Redis Cluster topology
	at io.lettuce.core.cluster.RedisClusterClient.lambda$getPartitions$0(RedisClusterClient.java:336)
	at io.lettuce.core.cluster.RedisClusterClient.get(RedisClusterClient.java:970)
	at io.lettuce.core.cluster.RedisClusterClient.getPartitions(RedisClusterClient.java:336)
	at org.springframework.data.redis.connection.lettuce.ClusterConnectionProvider.getConnectionAsync(ClusterConnectionProvider.java:100)
	at org.springframework.data.redis.connection.lettuce.ClusterConnectionProvider.getConnectionAsync(ClusterConnectionProvider.java:44)
	at org.springframework.data.redis.connection.lettuce.LettuceConnectionProvider.getConnection(LettuceConnectionProvider.java:53)
	at org.springframework.data.redis.connection.lettuce.LettucePoolingConnectionProvider.lambda$getConnection$0(LettucePoolingConnectionProvider.java:96)
	at io.lettuce.core.support.ConnectionPoolSupport$RedisPooledObjectFactory.create(ConnectionPoolSupport.java:196)
	at io.lettuce.core.support.ConnectionPoolSupport$RedisPooledObjectFactory.create(ConnectionPoolSupport.java:186)
	at org.apache.commons.pool2.BasePooledObjectFactory.makeObject(BasePooledObjectFactory.java:68)
	at org.apache.commons.pool2.impl.GenericObjectPool.create(GenericObjectPool.java:557)
	at org.apache.commons.pool2.impl.GenericObjectPool.borrowObject(GenericObjectPool.java:299)
	at org.apache.commons.pool2.impl.GenericObjectPool.borrowObject(GenericObjectPool.java:231)
	at io.lettuce.core.support.ConnectionPoolSupport$1.borrowObject(ConnectionPoolSupport.java:107)
	at io.lettuce.core.support.ConnectionPoolSupport$1.borrowObject(ConnectionPoolSupport.java:102)
	at org.springframework.data.redis.connection.lettuce.LettucePoolingConnectionProvider.getConnection(LettucePoolingConnectionProvider.java:109)
	... 35 common frames omitted
Caused by: io.lettuce.core.cluster.topology.DefaultClusterTopologyRefresh$CannotRetrieveClusterPartitions: Cannot retrieve cluster partitions from [redis://parkingjava-3f4b3j.serverless.apse2.cache.amazonaws.com?timeout=3s]

Details:
	[redis://parkingjava-3f4b3j.serverless.apse2.cache.amazonaws.com?timeout=3s]: java.nio.channels.ClosedChannelException

	Suppressed: io.lettuce.core.RedisConnectionException: Unable to connect to [parkingjava-3f4b3j.serverless.apse2.cache.amazonaws.com/<unresolved>:6379]: java.nio.channels.ClosedChannelException
		at io.lettuce.core.cluster.topology.DefaultClusterTopologyRefresh.lambda$openConnections$12(DefaultClusterTopologyRefresh.java:350)
		at java.base/java.util.concurrent.CompletableFuture.uniWhenComplete(CompletableFuture.java:863)
		at java.base/java.util.concurrent.CompletableFuture$UniWhenComplete.tryFire(CompletableFuture.java:841)
		at java.base/java.util.concurrent.CompletableFuture.postComplete(CompletableFuture.java:510)
		at java.base/java.util.concurrent.CompletableFuture.completeExceptionally(CompletableFuture.java:2162)
		at io.lettuce.core.AbstractRedisClient.lambda$initializeChannelAsync0$6(AbstractRedisClient.java:458)
		at io.netty.util.concurrent.DefaultPromise.notifyListener0(DefaultPromise.java:603)
		at io.netty.util.concurrent.DefaultPromise.notifyListeners0(DefaultPromise.java:596)
		at io.netty.util.concurrent.DefaultPromise.notifyListenersNow(DefaultPromise.java:572)
		at io.netty.util.concurrent.DefaultPromise.notifyListeners(DefaultPromise.java:505)
		at io.netty.util.concurrent.DefaultPromise.setValue0(DefaultPromise.java:649)
		at io.netty.util.concurrent.DefaultPromise.setFailure0(DefaultPromise.java:642)
		at io.netty.util.concurrent.DefaultPromise.tryFailure(DefaultPromise.java:131)
		at io.netty.channel.nio.AbstractNioChannel.doClose(AbstractNioChannel.java:507)
		at io.netty.channel.socket.nio.NioSocketChannel.doClose(NioSocketChannel.java:348)
		at io.netty.channel.AbstractChannel$AbstractUnsafe.doClose0(AbstractChannel.java:752)
		at io.netty.channel.AbstractChannel$AbstractUnsafe.close(AbstractChannel.java:729)
		at io.netty.channel.AbstractChannel$AbstractUnsafe.close(AbstractChannel.java:619)
		at io.netty.channel.DefaultChannelPipeline$HeadContext.close(DefaultChannelPipeline.java:1299)
		at io.netty.channel.AbstractChannelHandlerContext.invokeClose(AbstractChannelHandlerContext.java:755)
		at io.netty.channel.AbstractChannelHandlerContext.access$1200(AbstractChannelHandlerContext.java:61)
		at io.netty.channel.AbstractChannelHandlerContext$11.run(AbstractChannelHandlerContext.java:738)
		at io.netty.util.concurrent.AbstractEventExecutor.runTask(AbstractEventExecutor.java:173)
		at io.netty.util.concurrent.AbstractEventExecutor.safeExecute(AbstractEventExecutor.java:166)
		at io.netty.util.concurrent.SingleThreadEventExecutor.runAllTasks(SingleThreadEventExecutor.java:472)
		at io.netty.channel.nio.NioEventLoop.run(NioEventLoop.java:569)
		at io.netty.util.concurrent.SingleThreadEventExecutor$4.run(SingleThreadEventExecutor.java:998)
		at io.netty.util.internal.ThreadExecutorMap$2.run(ThreadExecutorMap.java:74)
		at io.netty.util.concurrent.FastThreadLocalRunnable.run(FastThreadLocalRunnable.java:30)
		at java.base/java.lang.Thread.run(Thread.java:840)
	Caused by: java.nio.channels.ClosedChannelException: null
		... 17 common frames omitted
2025-07-13 === [restartedMain] === INFO  === c.sideproject.parking_java.ParkingJavaApplication ==== Starting ParkingJavaApplication using Java 17.0.12 with PID 12232 (D:\Users\zhui\Desktop\Repo2.0\parking_java\target\classes started by zhui in D:\Users\zhui\Desktop\Repo2.0\parking_java)
2025-07-13 === [restartedMain] === INFO  === c.sideproject.parking_java.ParkingJavaApplication ==== No active profile set, falling back to 1 default profile: "default"
2025-07-13 === [restartedMain] === INFO  === o.s.b.d.env.DevToolsPropertyDefaultsPostProcessor ==== Devtools property defaults active! Set 'spring.devtools.add-properties' to 'false' to disable
2025-07-13 === [restartedMain] === INFO  === o.s.b.d.env.DevToolsPropertyDefaultsPostProcessor ==== For additional web related logging consider setting the 'logging.level.web' property to 'DEBUG'
2025-07-13 === [restartedMain] === INFO  === o.s.d.r.config.RepositoryConfigurationDelegate ==== Multiple Spring Data modules found, entering strict repository configuration mode
2025-07-13 === [restartedMain] === INFO  === o.s.d.r.config.RepositoryConfigurationDelegate ==== Bootstrapping Spring Data JPA repositories in DEFAULT mode.
2025-07-13 === [restartedMain] === INFO  === o.s.d.r.config.RepositoryConfigurationDelegate ==== Finished Spring Data repository scanning in 24 ms. Found 0 JPA repository interfaces.
2025-07-13 === [restartedMain] === INFO  === o.s.d.r.config.RepositoryConfigurationDelegate ==== Multiple Spring Data modules found, entering strict repository configuration mode
2025-07-13 === [restartedMain] === INFO  === o.s.d.r.config.RepositoryConfigurationDelegate ==== Bootstrapping Spring Data Redis repositories in DEFAULT mode.
2025-07-13 === [restartedMain] === INFO  === o.s.d.r.config.RepositoryConfigurationDelegate ==== Finished Spring Data repository scanning in 5 ms. Found 0 Redis repository interfaces.
2025-07-13 === [restartedMain] === INFO  === o.s.boot.web.embedded.tomcat.TomcatWebServer ==== Tomcat initialized with port 9999 (http)
2025-07-13 === [restartedMain] === INFO  === org.apache.catalina.core.StandardService ==== Starting service [Tomcat]
2025-07-13 === [restartedMain] === INFO  === org.apache.catalina.core.StandardEngine ==== Starting Servlet engine: [Apache Tomcat/10.1.41]
2025-07-13 === [restartedMain] === INFO  === o.a.c.core.ContainerBase.[Tomcat].[localhost].[/] ==== Initializing Spring embedded WebApplicationContext
2025-07-13 === [restartedMain] === INFO  === o.s.b.w.s.c.ServletWebServerApplicationContext ==== Root WebApplicationContext: initialization completed in 2235 ms
2025-07-13 === [restartedMain] === ERROR === o.s.boot.web.embedded.tomcat.TomcatStarter ==== Error starting Tomcat context. Exception: org.springframework.beans.factory.UnsatisfiedDependencyException. Message: Error creating bean with name 'jwtAuthenticationFilter': Unsatisfied dependency expressed through field 'userDetailsServiceImpl': Error creating bean with name 'userDetailsServiceImpl': Unsatisfied dependency expressed through field 'memberDao': Error creating bean with name 'memberDao': Unsatisfied dependency expressed through field 'namedParameterJdbcTemplate': Error creating bean with name 'dataSourceScriptDatabaseInitializer' defined in class path resource [org/springframework/boot/autoconfigure/sql/init/DataSourceInitializationConfiguration.class]: Unsatisfied dependency expressed through method 'dataSourceScriptDatabaseInitializer' parameter 0: Error creating bean with name 'dataSource' defined in class path resource [org/springframework/boot/autoconfigure/jdbc/DataSourceConfiguration$Hikari.class]: Failed to instantiate [com.zaxxer.hikari.HikariDataSource]: Factory method 'dataSource' threw exception with message: URL must start with 'jdbc'
2025-07-13 === [restartedMain] === INFO  === org.apache.catalina.core.StandardService ==== Stopping service [Tomcat]
2025-07-13 === [restartedMain] === WARN  === o.s.b.w.s.c.AnnotationConfigServletWebServerApplicationContext ==== Exception encountered during context initialization - cancelling refresh attempt: org.springframework.context.ApplicationContextException: Unable to start web server
2025-07-13 === [restartedMain] === INFO  === o.s.b.a.logging.ConditionEvaluationReportLogger ==== 

Error starting ApplicationContext. To display the condition evaluation report re-run your application with 'debug' enabled.
2025-07-13 === [restartedMain] === ERROR === org.springframework.boot.SpringApplication ==== Application run failed
org.springframework.context.ApplicationContextException: Unable to start web server
	at org.springframework.boot.web.servlet.context.ServletWebServerApplicationContext.onRefresh(ServletWebServerApplicationContext.java:170)
	at org.springframework.context.support.AbstractApplicationContext.refresh(AbstractApplicationContext.java:621)
	at org.springframework.boot.web.servlet.context.ServletWebServerApplicationContext.refresh(ServletWebServerApplicationContext.java:146)
	at org.springframework.boot.SpringApplication.refresh(SpringApplication.java:753)
	at org.springframework.boot.SpringApplication.refreshContext(SpringApplication.java:439)
	at org.springframework.boot.SpringApplication.run(SpringApplication.java:318)
	at org.springframework.boot.SpringApplication.run(SpringApplication.java:1362)
	at org.springframework.boot.SpringApplication.run(SpringApplication.java:1351)
	at com.sideproject.parking_java.ParkingJavaApplication.main(ParkingJavaApplication.java:10)
	at java.base/jdk.internal.reflect.NativeMethodAccessorImpl.invoke0(Native Method)
	at java.base/jdk.internal.reflect.NativeMethodAccessorImpl.invoke(NativeMethodAccessorImpl.java:77)
	at java.base/jdk.internal.reflect.DelegatingMethodAccessorImpl.invoke(DelegatingMethodAccessorImpl.java:43)
	at java.base/java.lang.reflect.Method.invoke(Method.java:568)
	at org.springframework.boot.devtools.restart.RestartLauncher.run(RestartLauncher.java:50)
Caused by: org.springframework.boot.web.server.WebServerException: Unable to start embedded Tomcat
	at org.springframework.boot.web.embedded.tomcat.TomcatWebServer.initialize(TomcatWebServer.java:147)
	at org.springframework.boot.web.embedded.tomcat.TomcatWebServer.<init>(TomcatWebServer.java:107)
	at org.springframework.boot.web.embedded.tomcat.TomcatServletWebServerFactory.getTomcatWebServer(TomcatServletWebServerFactory.java:517)
	at org.springframework.boot.web.embedded.tomcat.TomcatServletWebServerFactory.getWebServer(TomcatServletWebServerFactory.java:219)
	at org.springframework.boot.web.servlet.context.ServletWebServerApplicationContext.createWebServer(ServletWebServerApplicationContext.java:193)
	at org.springframework.boot.web.servlet.context.ServletWebServerApplicationContext.onRefresh(ServletWebServerApplicationContext.java:167)
	... 13 common frames omitted
Caused by: org.springframework.beans.factory.UnsatisfiedDependencyException: Error creating bean with name 'jwtAuthenticationFilter': Unsatisfied dependency expressed through field 'userDetailsServiceImpl': Error creating bean with name 'userDetailsServiceImpl': Unsatisfied dependency expressed through field 'memberDao': Error creating bean with name 'memberDao': Unsatisfied dependency expressed through field 'namedParameterJdbcTemplate': Error creating bean with name 'dataSourceScriptDatabaseInitializer' defined in class path resource [org/springframework/boot/autoconfigure/sql/init/DataSourceInitializationConfiguration.class]: Unsatisfied dependency expressed through method 'dataSourceScriptDatabaseInitializer' parameter 0: Error creating bean with name 'dataSource' defined in class path resource [org/springframework/boot/autoconfigure/jdbc/DataSourceConfiguration$Hikari.class]: Failed to instantiate [com.zaxxer.hikari.HikariDataSource]: Factory method 'dataSource' threw exception with message: URL must start with 'jdbc'
	at org.springframework.beans.factory.annotation.AutowiredAnnotationBeanPostProcessor$AutowiredFieldElement.resolveFieldValue(AutowiredAnnotationBeanPostProcessor.java:788)
	at org.springframework.beans.factory.annotation.AutowiredAnnotationBeanPostProcessor$AutowiredFieldElement.inject(AutowiredAnnotationBeanPostProcessor.java:768)
	at org.springframework.beans.factory.annotation.InjectionMetadata.inject(InjectionMetadata.java:146)
	at org.springframework.beans.factory.annotation.AutowiredAnnotationBeanPostProcessor.postProcessProperties(AutowiredAnnotationBeanPostProcessor.java:509)
	at org.springframework.beans.factory.support.AbstractAutowireCapableBeanFactory.populateBean(AbstractAutowireCapableBeanFactory.java:1459)
	at org.springframework.beans.factory.support.AbstractAutowireCapableBeanFactory.doCreateBean(AbstractAutowireCapableBeanFactory.java:606)
	at org.springframework.beans.factory.support.AbstractAutowireCapableBeanFactory.createBean(AbstractAutowireCapableBeanFactory.java:529)
	at org.springframework.beans.factory.support.AbstractBeanFactory.lambda$doGetBean$0(AbstractBeanFactory.java:339)
	at org.springframework.beans.factory.support.DefaultSingletonBeanRegistry.getSingleton(DefaultSingletonBeanRegistry.java:373)
	at org.springframework.beans.factory.support.AbstractBeanFactory.doGetBean(AbstractBeanFactory.java:337)
	at org.springframework.beans.factory.support.AbstractBeanFactory.getBean(AbstractBeanFactory.java:207)
	at org.springframework.boot.web.servlet.ServletContextInitializerBeans.getOrderedBeansOfType(ServletContextInitializerBeans.java:211)
	at org.springframework.boot.web.servlet.ServletContextInitializerBeans.addAsRegistrationBean(ServletContextInitializerBeans.java:174)
	at org.springframework.boot.web.servlet.ServletContextInitializerBeans.addAsRegistrationBean(ServletContextInitializerBeans.java:169)
	at org.springframework.boot.web.servlet.ServletContextInitializerBeans.addAdaptableBeans(ServletContextInitializerBeans.java:154)
	at org.springframework.boot.web.servlet.ServletContextInitializerBeans.<init>(ServletContextInitializerBeans.java:87)
	at org.springframework.boot.web.servlet.context.ServletWebServerApplicationContext.getServletContextInitializerBeans(ServletWebServerApplicationContext.java:271)
	at org.springframework.boot.web.servlet.context.ServletWebServerApplicationContext.selfInitialize(ServletWebServerApplicationContext.java:245)
	at org.springframework.boot.web.embedded.tomcat.TomcatStarter.onStartup(TomcatStarter.java:52)
	at org.apache.catalina.core.StandardContext.startInternal(StandardContext.java:4464)
	at org.apache.catalina.util.LifecycleBase.start(LifecycleBase.java:164)
	at org.apache.catalina.core.ContainerBase$StartChild.call(ContainerBase.java:1203)
	at org.apache.catalina.core.ContainerBase$StartChild.call(ContainerBase.java:1193)
	at java.base/java.util.concurrent.FutureTask.run(FutureTask.java:264)
	at org.apache.tomcat.util.threads.InlineExecutorService.execute(InlineExecutorService.java:75)
	at java.base/java.util.concurrent.AbstractExecutorService.submit(AbstractExecutorService.java:145)
	at org.apache.catalina.core.ContainerBase.startInternal(ContainerBase.java:749)
	at org.apache.catalina.core.StandardHost.startInternal(StandardHost.java:772)
	at org.apache.catalina.util.LifecycleBase.start(LifecycleBase.java:164)
	at org.apache.catalina.core.ContainerBase$StartChild.call(ContainerBase.java:1203)
	at org.apache.catalina.core.ContainerBase$StartChild.call(ContainerBase.java:1193)
	at java.base/java.util.concurrent.FutureTask.run(FutureTask.java:264)
	at org.apache.tomcat.util.threads.InlineExecutorService.execute(InlineExecutorService.java:75)
	at java.base/java.util.concurrent.AbstractExecutorService.submit(AbstractExecutorService.java:145)
	at org.apache.catalina.core.ContainerBase.startInternal(ContainerBase.java:749)
	at org.apache.catalina.core.StandardEngine.startInternal(StandardEngine.java:203)
	at org.apache.catalina.util.LifecycleBase.start(LifecycleBase.java:164)
	at org.apache.catalina.core.StandardService.startInternal(StandardService.java:412)
	at org.apache.catalina.util.LifecycleBase.start(LifecycleBase.java:164)
	at org.apache.catalina.core.StandardServer.startInternal(StandardServer.java:870)
	at org.apache.catalina.util.LifecycleBase.start(LifecycleBase.java:164)
	at org.apache.catalina.startup.Tomcat.start(Tomcat.java:438)
	at org.springframework.boot.web.embedded.tomcat.TomcatWebServer.initialize(TomcatWebServer.java:128)
	... 18 common frames omitted
Caused by: org.springframework.beans.factory.UnsatisfiedDependencyException: Error creating bean with name 'userDetailsServiceImpl': Unsatisfied dependency expressed through field 'memberDao': Error creating bean with name 'memberDao': Unsatisfied dependency expressed through field 'namedParameterJdbcTemplate': Error creating bean with name 'dataSourceScriptDatabaseInitializer' defined in class path resource [org/springframework/boot/autoconfigure/sql/init/DataSourceInitializationConfiguration.class]: Unsatisfied dependency expressed through method 'dataSourceScriptDatabaseInitializer' parameter 0: Error creating bean with name 'dataSource' defined in class path resource [org/springframework/boot/autoconfigure/jdbc/DataSourceConfiguration$Hikari.class]: Failed to instantiate [com.zaxxer.hikari.HikariDataSource]: Factory method 'dataSource' threw exception with message: URL must start with 'jdbc'
	at org.springframework.beans.factory.annotation.AutowiredAnnotationBeanPostProcessor$AutowiredFieldElement.resolveFieldValue(AutowiredAnnotationBeanPostProcessor.java:788)
	at org.springframework.beans.factory.annotation.AutowiredAnnotationBeanPostProcessor$AutowiredFieldElement.inject(AutowiredAnnotationBeanPostProcessor.java:768)
	at org.springframework.beans.factory.annotation.InjectionMetadata.inject(InjectionMetadata.java:146)
	at org.springframework.beans.factory.annotation.AutowiredAnnotationBeanPostProcessor.postProcessProperties(AutowiredAnnotationBeanPostProcessor.java:509)
	at org.springframework.beans.factory.support.AbstractAutowireCapableBeanFactory.populateBean(AbstractAutowireCapableBeanFactory.java:1459)
	at org.springframework.beans.factory.support.AbstractAutowireCapableBeanFactory.doCreateBean(AbstractAutowireCapableBeanFactory.java:606)
	at org.springframework.beans.factory.support.AbstractAutowireCapableBeanFactory.createBean(AbstractAutowireCapableBeanFactory.java:529)
	at org.springframework.beans.factory.support.AbstractBeanFactory.lambda$doGetBean$0(AbstractBeanFactory.java:339)
	at org.springframework.beans.factory.support.DefaultSingletonBeanRegistry.getSingleton(DefaultSingletonBeanRegistry.java:373)
	at org.springframework.beans.factory.support.AbstractBeanFactory.doGetBean(AbstractBeanFactory.java:337)
	at org.springframework.beans.factory.support.AbstractBeanFactory.getBean(AbstractBeanFactory.java:202)
	at org.springframework.beans.factory.support.DefaultListableBeanFactory.doResolveDependency(DefaultListableBeanFactory.java:1682)
	at org.springframework.beans.factory.support.DefaultListableBeanFactory.resolveDependency(DefaultListableBeanFactory.java:1628)
	at org.springframework.beans.factory.annotation.AutowiredAnnotationBeanPostProcessor$AutowiredFieldElement.resolveFieldValue(AutowiredAnnotationBeanPostProcessor.java:785)
	... 60 common frames omitted
Caused by: org.springframework.beans.factory.UnsatisfiedDependencyException: Error creating bean with name 'memberDao': Unsatisfied dependency expressed through field 'namedParameterJdbcTemplate': Error creating bean with name 'dataSourceScriptDatabaseInitializer' defined in class path resource [org/springframework/boot/autoconfigure/sql/init/DataSourceInitializationConfiguration.class]: Unsatisfied dependency expressed through method 'dataSourceScriptDatabaseInitializer' parameter 0: Error creating bean with name 'dataSource' defined in class path resource [org/springframework/boot/autoconfigure/jdbc/DataSourceConfiguration$Hikari.class]: Failed to instantiate [com.zaxxer.hikari.HikariDataSource]: Factory method 'dataSource' threw exception with message: URL must start with 'jdbc'
	at org.springframework.beans.factory.annotation.AutowiredAnnotationBeanPostProcessor$AutowiredFieldElement.resolveFieldValue(AutowiredAnnotationBeanPostProcessor.java:788)
	at org.springframework.beans.factory.annotation.AutowiredAnnotationBeanPostProcessor$AutowiredFieldElement.inject(AutowiredAnnotationBeanPostProcessor.java:768)
	at org.springframework.beans.factory.annotation.InjectionMetadata.inject(InjectionMetadata.java:146)
	at org.springframework.beans.factory.annotation.AutowiredAnnotationBeanPostProcessor.postProcessProperties(AutowiredAnnotationBeanPostProcessor.java:509)
	at org.springframework.beans.factory.support.AbstractAutowireCapableBeanFactory.populateBean(AbstractAutowireCapableBeanFactory.java:1459)
	at org.springframework.beans.factory.support.AbstractAutowireCapableBeanFactory.doCreateBean(AbstractAutowireCapableBeanFactory.java:606)
	at org.springframework.beans.factory.support.AbstractAutowireCapableBeanFactory.createBean(AbstractAutowireCapableBeanFactory.java:529)
	at org.springframework.beans.factory.support.AbstractBeanFactory.lambda$doGetBean$0(AbstractBeanFactory.java:339)
	at org.springframework.beans.factory.support.DefaultSingletonBeanRegistry.getSingleton(DefaultSingletonBeanRegistry.java:373)
	at org.springframework.beans.factory.support.AbstractBeanFactory.doGetBean(AbstractBeanFactory.java:337)
	at org.springframework.beans.factory.support.AbstractBeanFactory.getBean(AbstractBeanFactory.java:202)
	at org.springframework.beans.factory.support.DefaultListableBeanFactory.doResolveDependency(DefaultListableBeanFactory.java:1682)
	at org.springframework.beans.factory.support.DefaultListableBeanFactory.resolveDependency(DefaultListableBeanFactory.java:1628)
	at org.springframework.beans.factory.annotation.AutowiredAnnotationBeanPostProcessor$AutowiredFieldElement.resolveFieldValue(AutowiredAnnotationBeanPostProcessor.java:785)
	... 73 common frames omitted
Caused by: org.springframework.beans.factory.UnsatisfiedDependencyException: Error creating bean with name 'dataSourceScriptDatabaseInitializer' defined in class path resource [org/springframework/boot/autoconfigure/sql/init/DataSourceInitializationConfiguration.class]: Unsatisfied dependency expressed through method 'dataSourceScriptDatabaseInitializer' parameter 0: Error creating bean with name 'dataSource' defined in class path resource [org/springframework/boot/autoconfigure/jdbc/DataSourceConfiguration$Hikari.class]: Failed to instantiate [com.zaxxer.hikari.HikariDataSource]: Factory method 'dataSource' threw exception with message: URL must start with 'jdbc'
	at org.springframework.beans.factory.support.ConstructorResolver.createArgumentArray(ConstructorResolver.java:804)
	at org.springframework.beans.factory.support.ConstructorResolver.instantiateUsingFactoryMethod(ConstructorResolver.java:546)
	at org.springframework.beans.factory.support.AbstractAutowireCapableBeanFactory.instantiateUsingFactoryMethod(AbstractAutowireCapableBeanFactory.java:1375)
	at org.springframework.beans.factory.support.AbstractAutowireCapableBeanFactory.createBeanInstance(AbstractAutowireCapableBeanFactory.java:1205)
	at org.springframework.beans.factory.support.AbstractAutowireCapableBeanFactory.doCreateBean(AbstractAutowireCapableBeanFactory.java:569)
	at org.springframework.beans.factory.support.AbstractAutowireCapableBeanFactory.createBean(AbstractAutowireCapableBeanFactory.java:529)
	at org.springframework.beans.factory.support.AbstractBeanFactory.lambda$doGetBean$0(AbstractBeanFactory.java:339)
	at org.springframework.beans.factory.support.DefaultSingletonBeanRegistry.getSingleton(DefaultSingletonBeanRegistry.java:373)
	at org.springframework.beans.factory.support.AbstractBeanFactory.doGetBean(AbstractBeanFactory.java:337)
	at org.springframework.beans.factory.support.AbstractBeanFactory.getBean(AbstractBeanFactory.java:202)
	at org.springframework.beans.factory.support.AbstractBeanFactory.doGetBean(AbstractBeanFactory.java:315)
	at org.springframework.beans.factory.support.AbstractBeanFactory.getBean(AbstractBeanFactory.java:202)
	at org.springframework.beans.factory.support.DefaultListableBeanFactory.doResolveDependency(DefaultListableBeanFactory.java:1682)
	at org.springframework.beans.factory.support.DefaultListableBeanFactory.resolveDependency(DefaultListableBeanFactory.java:1628)
	at org.springframework.beans.factory.annotation.AutowiredAnnotationBeanPostProcessor$AutowiredFieldElement.resolveFieldValue(AutowiredAnnotationBeanPostProcessor.java:785)
	... 86 common frames omitted
Caused by: org.springframework.beans.factory.BeanCreationException: Error creating bean with name 'dataSource' defined in class path resource [org/springframework/boot/autoconfigure/jdbc/DataSourceConfiguration$Hikari.class]: Failed to instantiate [com.zaxxer.hikari.HikariDataSource]: Factory method 'dataSource' threw exception with message: URL must start with 'jdbc'
	at org.springframework.beans.factory.support.ConstructorResolver.instantiate(ConstructorResolver.java:657)
	at org.springframework.beans.factory.support.ConstructorResolver.instantiateUsingFactoryMethod(ConstructorResolver.java:645)
	at org.springframework.beans.factory.support.AbstractAutowireCapableBeanFactory.instantiateUsingFactoryMethod(AbstractAutowireCapableBeanFactory.java:1375)
	at org.springframework.beans.factory.support.AbstractAutowireCapableBeanFactory.createBeanInstance(AbstractAutowireCapableBeanFactory.java:1205)
	at org.springframework.beans.factory.support.AbstractAutowireCapableBeanFactory.doCreateBean(AbstractAutowireCapableBeanFactory.java:569)
	at org.springframework.beans.factory.support.AbstractAutowireCapableBeanFactory.createBean(AbstractAutowireCapableBeanFactory.java:529)
	at org.springframework.beans.factory.support.AbstractBeanFactory.lambda$doGetBean$0(AbstractBeanFactory.java:339)
	at org.springframework.beans.factory.support.DefaultSingletonBeanRegistry.getSingleton(DefaultSingletonBeanRegistry.java:373)
	at org.springframework.beans.factory.support.AbstractBeanFactory.doGetBean(AbstractBeanFactory.java:337)
	at org.springframework.beans.factory.support.AbstractBeanFactory.getBean(AbstractBeanFactory.java:202)
	at org.springframework.beans.factory.support.DefaultListableBeanFactory.doResolveDependency(DefaultListableBeanFactory.java:1682)
	at org.springframework.beans.factory.support.DefaultListableBeanFactory.resolveDependency(DefaultListableBeanFactory.java:1628)
	at org.springframework.beans.factory.support.ConstructorResolver.resolveAutowiredArgument(ConstructorResolver.java:913)
	at org.springframework.beans.factory.support.ConstructorResolver.createArgumentArray(ConstructorResolver.java:791)
	... 100 common frames omitted
Caused by: org.springframework.beans.BeanInstantiationException: Failed to instantiate [com.zaxxer.hikari.HikariDataSource]: Factory method 'dataSource' threw exception with message: URL must start with 'jdbc'
	at org.springframework.beans.factory.support.SimpleInstantiationStrategy.lambda$instantiate$0(SimpleInstantiationStrategy.java:199)
	at org.springframework.beans.factory.support.SimpleInstantiationStrategy.instantiateWithFactoryMethod(SimpleInstantiationStrategy.java:88)
	at org.springframework.beans.factory.support.SimpleInstantiationStrategy.instantiate(SimpleInstantiationStrategy.java:168)
	at org.springframework.beans.factory.support.ConstructorResolver.instantiate(ConstructorResolver.java:653)
	... 113 common frames omitted
Caused by: java.lang.IllegalArgumentException: URL must start with 'jdbc'
	at org.springframework.util.Assert.isTrue(Assert.java:116)
	at org.springframework.boot.jdbc.DatabaseDriver.fromJdbcUrl(DatabaseDriver.java:297)
	at org.springframework.boot.autoconfigure.jdbc.DataSourceProperties.findDriverClassName(DataSourceProperties.java:189)
	at org.springframework.boot.autoconfigure.jdbc.DataSourceProperties.determineDriverClassName(DataSourceProperties.java:174)
	at org.springframework.boot.autoconfigure.jdbc.PropertiesJdbcConnectionDetails.getDriverClassName(PropertiesJdbcConnectionDetails.java:49)
	at org.springframework.boot.autoconfigure.jdbc.DataSourceConfiguration.createDataSource(DataSourceConfiguration.java:62)
	at org.springframework.boot.autoconfigure.jdbc.DataSourceConfiguration$Hikari.dataSource(DataSourceConfiguration.java:127)
	at java.base/jdk.internal.reflect.NativeMethodAccessorImpl.invoke0(Native Method)
	at java.base/jdk.internal.reflect.NativeMethodAccessorImpl.invoke(NativeMethodAccessorImpl.java:77)
	at java.base/jdk.internal.reflect.DelegatingMethodAccessorImpl.invoke(DelegatingMethodAccessorImpl.java:43)
	at java.base/java.lang.reflect.Method.invoke(Method.java:568)
	at org.springframework.beans.factory.support.SimpleInstantiationStrategy.lambda$instantiate$0(SimpleInstantiationStrategy.java:171)
	... 116 common frames omitted
2025-07-13 === [restartedMain] === INFO  === c.sideproject.parking_java.ParkingJavaApplication ==== Starting ParkingJavaApplication using Java 17.0.12 with PID 4072 (D:\Users\zhui\Desktop\Repo2.0\parking_java\target\classes started by zhui in D:\Users\zhui\Desktop\Repo2.0\parking_java)
2025-07-13 === [restartedMain] === INFO  === c.sideproject.parking_java.ParkingJavaApplication ==== No active profile set, falling back to 1 default profile: "default"
2025-07-13 === [restartedMain] === INFO  === o.s.b.d.env.DevToolsPropertyDefaultsPostProcessor ==== Devtools property defaults active! Set 'spring.devtools.add-properties' to 'false' to disable
2025-07-13 === [restartedMain] === INFO  === o.s.b.d.env.DevToolsPropertyDefaultsPostProcessor ==== For additional web related logging consider setting the 'logging.level.web' property to 'DEBUG'
2025-07-13 === [restartedMain] === INFO  === o.s.d.r.config.RepositoryConfigurationDelegate ==== Multiple Spring Data modules found, entering strict repository configuration mode
2025-07-13 === [restartedMain] === INFO  === o.s.d.r.config.RepositoryConfigurationDelegate ==== Bootstrapping Spring Data JPA repositories in DEFAULT mode.
2025-07-13 === [restartedMain] === INFO  === o.s.d.r.config.RepositoryConfigurationDelegate ==== Finished Spring Data repository scanning in 24 ms. Found 0 JPA repository interfaces.
2025-07-13 === [restartedMain] === INFO  === o.s.d.r.config.RepositoryConfigurationDelegate ==== Multiple Spring Data modules found, entering strict repository configuration mode
2025-07-13 === [restartedMain] === INFO  === o.s.d.r.config.RepositoryConfigurationDelegate ==== Bootstrapping Spring Data Redis repositories in DEFAULT mode.
2025-07-13 === [restartedMain] === INFO  === o.s.d.r.config.RepositoryConfigurationDelegate ==== Finished Spring Data repository scanning in 6 ms. Found 0 Redis repository interfaces.
2025-07-13 === [restartedMain] === INFO  === o.s.boot.web.embedded.tomcat.TomcatWebServer ==== Tomcat initialized with port 9999 (http)
2025-07-13 === [restartedMain] === INFO  === org.apache.catalina.core.StandardService ==== Starting service [Tomcat]
2025-07-13 === [restartedMain] === INFO  === org.apache.catalina.core.StandardEngine ==== Starting Servlet engine: [Apache Tomcat/10.1.41]
2025-07-13 === [restartedMain] === INFO  === o.a.c.core.ContainerBase.[Tomcat].[localhost].[/] ==== Initializing Spring embedded WebApplicationContext
2025-07-13 === [restartedMain] === INFO  === o.s.b.w.s.c.ServletWebServerApplicationContext ==== Root WebApplicationContext: initialization completed in 2260 ms
2025-07-13 === [restartedMain] === INFO  === com.zaxxer.hikari.HikariDataSource ==== HikariPool-1 - Starting...
2025-07-13 === [restartedMain] === INFO  === com.zaxxer.hikari.pool.HikariPool ==== HikariPool-1 - Added connection com.mysql.cj.jdbc.ConnectionImpl@268a5032
2025-07-13 === [restartedMain] === INFO  === com.zaxxer.hikari.HikariDataSource ==== HikariPool-1 - Start completed.
2025-07-13 === [restartedMain] === INFO  === org.hibernate.jpa.internal.util.LogHelper ==== HHH000204: Processing PersistenceUnitInfo [name: default]
2025-07-13 === [restartedMain] === INFO  === org.hibernate.Version ==== HHH000412: Hibernate ORM core version 6.6.15.Final
2025-07-13 === [restartedMain] === INFO  === o.hibernate.cache.internal.RegionFactoryInitiator ==== HHH000026: Second-level cache disabled
2025-07-13 === [restartedMain] === INFO  === o.s.o.j.persistenceunit.SpringPersistenceUnitInfo ==== No LoadTimeWeaver setup: ignoring JPA class transformer
2025-07-13 === [restartedMain] === INFO  === org.hibernate.orm.connections.pooling ==== HHH10001005: Database info:
	Database JDBC URL [Connecting through datasource 'HikariDataSource (HikariPool-1)']
	Database driver: undefined/unknown
	Database version: 8.0.41
	Autocommit mode: undefined/unknown
	Isolation level: undefined/unknown
	Minimum pool size: undefined/unknown
	Maximum pool size: undefined/unknown
2025-07-13 === [restartedMain] === INFO  === o.h.e.t.jta.platform.internal.JtaPlatformInitiator ==== HHH000489: No JTA platform available (set 'hibernate.transaction.jta.platform' to enable JTA platform integration)
2025-07-13 === [restartedMain] === INFO  === o.s.orm.jpa.LocalContainerEntityManagerFactoryBean ==== Initialized JPA EntityManagerFactory for persistence unit 'default'
2025-07-13 === [lettuce-nioEventLoop-4-1] === WARN  === i.l.c.c.topology.DefaultClusterTopologyRefresh ==== Unable to connect to [parkingjava-3f4b3j.serverless.apse2.cache.amazonaws.com/<unresolved>:6379]: java.nio.channels.ClosedChannelException
2025-07-13 === [restartedMain] === WARN  === o.s.b.w.s.c.AnnotationConfigServletWebServerApplicationContext ==== Exception encountered during context initialization - cancelling refresh attempt: org.springframework.beans.factory.BeanCreationException: Error creating bean with name 'redisKeyExpirationService' defined in file [D:\Users\zhui\Desktop\Repo2.0\parking_java\target\classes\com\sideproject\parking_java\redis\RedisKeyExpirationService.class]: Unable to connect to Redis
2025-07-13 === [restartedMain] === INFO  === o.s.orm.jpa.LocalContainerEntityManagerFactoryBean ==== Closing JPA EntityManagerFactory for persistence unit 'default'
2025-07-13 === [restartedMain] === INFO  === com.zaxxer.hikari.HikariDataSource ==== HikariPool-1 - Shutdown initiated...
2025-07-13 === [restartedMain] === INFO  === com.zaxxer.hikari.HikariDataSource ==== HikariPool-1 - Shutdown completed.
2025-07-13 === [restartedMain] === INFO  === org.apache.catalina.core.StandardService ==== Stopping service [Tomcat]
2025-07-13 === [restartedMain] === INFO  === o.s.b.a.logging.ConditionEvaluationReportLogger ==== 

Error starting ApplicationContext. To display the condition evaluation report re-run your application with 'debug' enabled.
2025-07-13 === [restartedMain] === ERROR === org.springframework.boot.SpringApplication ==== Application run failed
org.springframework.beans.factory.BeanCreationException: Error creating bean with name 'redisKeyExpirationService' defined in file [D:\Users\zhui\Desktop\Repo2.0\parking_java\target\classes\com\sideproject\parking_java\redis\RedisKeyExpirationService.class]: Unable to connect to Redis
	at org.springframework.beans.factory.support.AbstractAutowireCapableBeanFactory.initializeBean(AbstractAutowireCapableBeanFactory.java:1826)
	at org.springframework.beans.factory.support.AbstractAutowireCapableBeanFactory.doCreateBean(AbstractAutowireCapableBeanFactory.java:607)
	at org.springframework.beans.factory.support.AbstractAutowireCapableBeanFactory.createBean(AbstractAutowireCapableBeanFactory.java:529)
	at org.springframework.beans.factory.support.AbstractBeanFactory.lambda$doGetBean$0(AbstractBeanFactory.java:339)
	at org.springframework.beans.factory.support.DefaultSingletonBeanRegistry.getSingleton(DefaultSingletonBeanRegistry.java:373)
	at org.springframework.beans.factory.support.AbstractBeanFactory.doGetBean(AbstractBeanFactory.java:337)
	at org.springframework.beans.factory.support.AbstractBeanFactory.getBean(AbstractBeanFactory.java:202)
	at org.springframework.beans.factory.support.DefaultListableBeanFactory.instantiateSingleton(DefaultListableBeanFactory.java:1222)
	at org.springframework.beans.factory.support.DefaultListableBeanFactory.preInstantiateSingleton(DefaultListableBeanFactory.java:1188)
	at org.springframework.beans.factory.support.DefaultListableBeanFactory.preInstantiateSingletons(DefaultListableBeanFactory.java:1123)
	at org.springframework.context.support.AbstractApplicationContext.finishBeanFactoryInitialization(AbstractApplicationContext.java:987)
	at org.springframework.context.support.AbstractApplicationContext.refresh(AbstractApplicationContext.java:627)
	at org.springframework.boot.web.servlet.context.ServletWebServerApplicationContext.refresh(ServletWebServerApplicationContext.java:146)
	at org.springframework.boot.SpringApplication.refresh(SpringApplication.java:753)
	at org.springframework.boot.SpringApplication.refreshContext(SpringApplication.java:439)
	at org.springframework.boot.SpringApplication.run(SpringApplication.java:318)
	at org.springframework.boot.SpringApplication.run(SpringApplication.java:1362)
	at org.springframework.boot.SpringApplication.run(SpringApplication.java:1351)
	at com.sideproject.parking_java.ParkingJavaApplication.main(ParkingJavaApplication.java:10)
	at java.base/jdk.internal.reflect.NativeMethodAccessorImpl.invoke0(Native Method)
	at java.base/jdk.internal.reflect.NativeMethodAccessorImpl.invoke(NativeMethodAccessorImpl.java:77)
	at java.base/jdk.internal.reflect.DelegatingMethodAccessorImpl.invoke(DelegatingMethodAccessorImpl.java:43)
	at java.base/java.lang.reflect.Method.invoke(Method.java:568)
	at org.springframework.boot.devtools.restart.RestartLauncher.run(RestartLauncher.java:50)
Caused by: org.springframework.data.redis.RedisConnectionFailureException: Unable to connect to Redis
	at org.springframework.data.redis.connection.lettuce.LettuceConnectionFactory$ExceptionTranslatingConnectionProvider.translateException(LettuceConnectionFactory.java:1858)
	at org.springframework.data.redis.connection.lettuce.LettuceConnectionFactory$ExceptionTranslatingConnectionProvider.getConnection(LettuceConnectionFactory.java:1789)
	at org.springframework.data.redis.connection.lettuce.LettuceConnectionFactory$SharedConnection.getNativeConnection(LettuceConnectionFactory.java:1586)
	at org.springframework.data.redis.connection.lettuce.LettuceConnectionFactory$SharedConnection.lambda$getConnection$0(LettuceConnectionFactory.java:1566)
	at org.springframework.data.redis.connection.lettuce.LettuceConnectionFactory.doInLock(LettuceConnectionFactory.java:1527)
	at org.springframework.data.redis.connection.lettuce.LettuceConnectionFactory$SharedConnection.getConnection(LettuceConnectionFactory.java:1563)
	at org.springframework.data.redis.connection.lettuce.LettuceConnectionFactory.getSharedClusterConnection(LettuceConnectionFactory.java:1263)
	at org.springframework.data.redis.connection.lettuce.LettuceConnectionFactory.getClusterConnection(LettuceConnectionFactory.java:1074)
	at org.springframework.data.redis.connection.lettuce.LettuceConnectionFactory.getConnection(LettuceConnectionFactory.java:1052)
	at org.springframework.data.redis.listener.KeyspaceEventMessageListener.init(KeyspaceEventMessageListener.java:105)
	at org.springframework.data.redis.listener.KeyspaceEventMessageListener.afterPropertiesSet(KeyspaceEventMessageListener.java:70)
	at org.springframework.beans.factory.support.AbstractAutowireCapableBeanFactory.invokeInitMethods(AbstractAutowireCapableBeanFactory.java:1873)
	at org.springframework.beans.factory.support.AbstractAutowireCapableBeanFactory.initializeBean(AbstractAutowireCapableBeanFactory.java:1822)
	... 23 common frames omitted
Caused by: org.springframework.data.redis.connection.PoolException: Could not get a resource from the pool
	at org.springframework.data.redis.connection.lettuce.LettucePoolingConnectionProvider.getConnection(LettucePoolingConnectionProvider.java:114)
	at org.springframework.data.redis.connection.lettuce.LettuceConnectionFactory$ExceptionTranslatingConnectionProvider.getConnection(LettuceConnectionFactory.java:1787)
	... 34 common frames omitted
Caused by: io.lettuce.core.RedisException: Cannot obtain initial Redis Cluster topology
	at io.lettuce.core.cluster.RedisClusterClient.lambda$getPartitions$0(RedisClusterClient.java:336)
	at io.lettuce.core.cluster.RedisClusterClient.get(RedisClusterClient.java:970)
	at io.lettuce.core.cluster.RedisClusterClient.getPartitions(RedisClusterClient.java:336)
	at org.springframework.data.redis.connection.lettuce.ClusterConnectionProvider.getConnectionAsync(ClusterConnectionProvider.java:100)
	at org.springframework.data.redis.connection.lettuce.ClusterConnectionProvider.getConnectionAsync(ClusterConnectionProvider.java:44)
	at org.springframework.data.redis.connection.lettuce.LettuceConnectionProvider.getConnection(LettuceConnectionProvider.java:53)
	at org.springframework.data.redis.connection.lettuce.LettucePoolingConnectionProvider.lambda$getConnection$0(LettucePoolingConnectionProvider.java:96)
	at io.lettuce.core.support.ConnectionPoolSupport$RedisPooledObjectFactory.create(ConnectionPoolSupport.java:196)
	at io.lettuce.core.support.ConnectionPoolSupport$RedisPooledObjectFactory.create(ConnectionPoolSupport.java:186)
	at org.apache.commons.pool2.BasePooledObjectFactory.makeObject(BasePooledObjectFactory.java:68)
	at org.apache.commons.pool2.impl.GenericObjectPool.create(GenericObjectPool.java:557)
	at org.apache.commons.pool2.impl.GenericObjectPool.borrowObject(GenericObjectPool.java:299)
	at org.apache.commons.pool2.impl.GenericObjectPool.borrowObject(GenericObjectPool.java:231)
	at io.lettuce.core.support.ConnectionPoolSupport$1.borrowObject(ConnectionPoolSupport.java:107)
	at io.lettuce.core.support.ConnectionPoolSupport$1.borrowObject(ConnectionPoolSupport.java:102)
	at org.springframework.data.redis.connection.lettuce.LettucePoolingConnectionProvider.getConnection(LettucePoolingConnectionProvider.java:109)
	... 35 common frames omitted
Caused by: io.lettuce.core.cluster.topology.DefaultClusterTopologyRefresh$CannotRetrieveClusterPartitions: Cannot retrieve cluster partitions from [rediss://parkingjava-3f4b3j.serverless.apse2.cache.amazonaws.com:6379?timeout=3s]

Details:
	[rediss://parkingjava-3f4b3j.serverless.apse2.cache.amazonaws.com:6379?timeout=3s]: java.nio.channels.ClosedChannelException

	Suppressed: io.lettuce.core.RedisConnectionException: Unable to connect to [parkingjava-3f4b3j.serverless.apse2.cache.amazonaws.com/<unresolved>:6379]: java.nio.channels.ClosedChannelException
		at io.lettuce.core.cluster.topology.DefaultClusterTopologyRefresh.lambda$openConnections$12(DefaultClusterTopologyRefresh.java:350)
		at java.base/java.util.concurrent.CompletableFuture.uniWhenComplete(CompletableFuture.java:863)
		at java.base/java.util.concurrent.CompletableFuture$UniWhenComplete.tryFire(CompletableFuture.java:841)
		at java.base/java.util.concurrent.CompletableFuture.postComplete(CompletableFuture.java:510)
		at java.base/java.util.concurrent.CompletableFuture.completeExceptionally(CompletableFuture.java:2162)
		at io.lettuce.core.AbstractRedisClient.lambda$initializeChannelAsync0$6(AbstractRedisClient.java:458)
		at io.netty.util.concurrent.DefaultPromise.notifyListener0(DefaultPromise.java:603)
		at io.netty.util.concurrent.DefaultPromise.notifyListeners0(DefaultPromise.java:596)
		at io.netty.util.concurrent.DefaultPromise.notifyListenersNow(DefaultPromise.java:572)
		at io.netty.util.concurrent.DefaultPromise.notifyListeners(DefaultPromise.java:505)
		at io.netty.util.concurrent.DefaultPromise.setValue0(DefaultPromise.java:649)
		at io.netty.util.concurrent.DefaultPromise.setFailure0(DefaultPromise.java:642)
		at io.netty.util.concurrent.DefaultPromise.tryFailure(DefaultPromise.java:131)
		at io.netty.channel.nio.AbstractNioChannel.doClose(AbstractNioChannel.java:507)
		at io.netty.channel.socket.nio.NioSocketChannel.doClose(NioSocketChannel.java:348)
		at io.netty.channel.AbstractChannel$AbstractUnsafe.doClose0(AbstractChannel.java:752)
		at io.netty.channel.AbstractChannel$AbstractUnsafe.close(AbstractChannel.java:729)
		at io.netty.channel.AbstractChannel$AbstractUnsafe.close(AbstractChannel.java:619)
		at io.netty.channel.DefaultChannelPipeline$HeadContext.close(DefaultChannelPipeline.java:1299)
		at io.netty.channel.AbstractChannelHandlerContext.invokeClose(AbstractChannelHandlerContext.java:755)
		at io.netty.channel.AbstractChannelHandlerContext.close(AbstractChannelHandlerContext.java:733)
		at io.netty.handler.ssl.SslHandler.closeOutboundAndChannel(SslHandler.java:2095)
		at io.netty.handler.ssl.SslHandler.close(SslHandler.java:759)
		at io.netty.channel.AbstractChannelHandlerContext.invokeClose(AbstractChannelHandlerContext.java:761)
		at io.netty.channel.AbstractChannelHandlerContext.access$1200(AbstractChannelHandlerContext.java:61)
		at io.netty.channel.AbstractChannelHandlerContext$11.run(AbstractChannelHandlerContext.java:738)
		at io.netty.util.concurrent.AbstractEventExecutor.runTask(AbstractEventExecutor.java:173)
		at io.netty.util.concurrent.AbstractEventExecutor.safeExecute(AbstractEventExecutor.java:166)
		at io.netty.util.concurrent.SingleThreadEventExecutor.runAllTasks(SingleThreadEventExecutor.java:472)
		at io.netty.channel.nio.NioEventLoop.run(NioEventLoop.java:569)
		at io.netty.util.concurrent.SingleThreadEventExecutor$4.run(SingleThreadEventExecutor.java:998)
		at io.netty.util.internal.ThreadExecutorMap$2.run(ThreadExecutorMap.java:74)
		at io.netty.util.concurrent.FastThreadLocalRunnable.run(FastThreadLocalRunnable.java:30)
		at java.base/java.lang.Thread.run(Thread.java:842)
	Caused by: java.nio.channels.ClosedChannelException: null
		... 21 common frames omitted
2025-07-13 === [restartedMain] === INFO  === c.sideproject.parking_java.ParkingJavaApplication ==== Starting ParkingJavaApplication using Java 17.0.12 with PID 6796 (D:\Users\zhui\Desktop\Repo2.0\parking_java\target\classes started by zhui in D:\Users\zhui\Desktop\Repo2.0\parking_java)
2025-07-13 === [restartedMain] === INFO  === c.sideproject.parking_java.ParkingJavaApplication ==== No active profile set, falling back to 1 default profile: "default"
2025-07-13 === [restartedMain] === INFO  === o.s.b.d.env.DevToolsPropertyDefaultsPostProcessor ==== Devtools property defaults active! Set 'spring.devtools.add-properties' to 'false' to disable
2025-07-13 === [restartedMain] === INFO  === o.s.b.d.env.DevToolsPropertyDefaultsPostProcessor ==== For additional web related logging consider setting the 'logging.level.web' property to 'DEBUG'
2025-07-13 === [restartedMain] === INFO  === o.s.d.r.config.RepositoryConfigurationDelegate ==== Multiple Spring Data modules found, entering strict repository configuration mode
2025-07-13 === [restartedMain] === INFO  === o.s.d.r.config.RepositoryConfigurationDelegate ==== Bootstrapping Spring Data JPA repositories in DEFAULT mode.
2025-07-13 === [restartedMain] === INFO  === o.s.d.r.config.RepositoryConfigurationDelegate ==== Finished Spring Data repository scanning in 28 ms. Found 0 JPA repository interfaces.
2025-07-13 === [restartedMain] === INFO  === o.s.d.r.config.RepositoryConfigurationDelegate ==== Multiple Spring Data modules found, entering strict repository configuration mode
2025-07-13 === [restartedMain] === INFO  === o.s.d.r.config.RepositoryConfigurationDelegate ==== Bootstrapping Spring Data Redis repositories in DEFAULT mode.
2025-07-13 === [restartedMain] === INFO  === o.s.d.r.config.RepositoryConfigurationDelegate ==== Finished Spring Data repository scanning in 5 ms. Found 0 Redis repository interfaces.
2025-07-13 === [restartedMain] === INFO  === o.s.boot.web.embedded.tomcat.TomcatWebServer ==== Tomcat initialized with port 9999 (http)
2025-07-13 === [restartedMain] === INFO  === org.apache.catalina.core.StandardService ==== Starting service [Tomcat]
2025-07-13 === [restartedMain] === INFO  === org.apache.catalina.core.StandardEngine ==== Starting Servlet engine: [Apache Tomcat/10.1.41]
2025-07-13 === [restartedMain] === INFO  === o.a.c.core.ContainerBase.[Tomcat].[localhost].[/] ==== Initializing Spring embedded WebApplicationContext
2025-07-13 === [restartedMain] === INFO  === o.s.b.w.s.c.ServletWebServerApplicationContext ==== Root WebApplicationContext: initialization completed in 2320 ms
2025-07-13 === [restartedMain] === INFO  === com.zaxxer.hikari.HikariDataSource ==== HikariPool-1 - Starting...
2025-07-13 === [restartedMain] === INFO  === com.zaxxer.hikari.pool.HikariPool ==== HikariPool-1 - Added connection com.mysql.cj.jdbc.ConnectionImpl@21272f8
2025-07-13 === [restartedMain] === INFO  === com.zaxxer.hikari.HikariDataSource ==== HikariPool-1 - Start completed.
2025-07-13 === [restartedMain] === INFO  === org.hibernate.jpa.internal.util.LogHelper ==== HHH000204: Processing PersistenceUnitInfo [name: default]
2025-07-13 === [restartedMain] === INFO  === org.hibernate.Version ==== HHH000412: Hibernate ORM core version 6.6.15.Final
2025-07-13 === [restartedMain] === INFO  === o.hibernate.cache.internal.RegionFactoryInitiator ==== HHH000026: Second-level cache disabled
2025-07-13 === [restartedMain] === INFO  === o.s.o.j.persistenceunit.SpringPersistenceUnitInfo ==== No LoadTimeWeaver setup: ignoring JPA class transformer
2025-07-13 === [restartedMain] === INFO  === org.hibernate.orm.connections.pooling ==== HHH10001005: Database info:
	Database JDBC URL [Connecting through datasource 'HikariDataSource (HikariPool-1)']
	Database driver: undefined/unknown
	Database version: 8.0.41
	Autocommit mode: undefined/unknown
	Isolation level: undefined/unknown
	Minimum pool size: undefined/unknown
	Maximum pool size: undefined/unknown
2025-07-13 === [restartedMain] === INFO  === o.h.e.t.jta.platform.internal.JtaPlatformInitiator ==== HHH000489: No JTA platform available (set 'hibernate.transaction.jta.platform' to enable JTA platform integration)
2025-07-13 === [restartedMain] === INFO  === o.s.orm.jpa.LocalContainerEntityManagerFactoryBean ==== Initialized JPA EntityManagerFactory for persistence unit 'default'
2025-07-13 === [lettuce-nioEventLoop-4-1] === WARN  === i.l.c.c.topology.DefaultClusterTopologyRefresh ==== Unable to connect to [parkingjava-3f4b3j.serverless.apse2.cache.amazonaws.com/<unresolved>:6379]: java.nio.channels.ClosedChannelException
2025-07-13 === [restartedMain] === WARN  === o.s.b.w.s.c.AnnotationConfigServletWebServerApplicationContext ==== Exception encountered during context initialization - cancelling refresh attempt: org.springframework.beans.factory.BeanCreationException: Error creating bean with name 'redisKeyExpirationService' defined in file [D:\Users\zhui\Desktop\Repo2.0\parking_java\target\classes\com\sideproject\parking_java\redis\RedisKeyExpirationService.class]: Unable to connect to Redis
2025-07-13 === [restartedMain] === INFO  === o.s.orm.jpa.LocalContainerEntityManagerFactoryBean ==== Closing JPA EntityManagerFactory for persistence unit 'default'
2025-07-13 === [restartedMain] === INFO  === com.zaxxer.hikari.HikariDataSource ==== HikariPool-1 - Shutdown initiated...
2025-07-13 === [restartedMain] === INFO  === com.zaxxer.hikari.HikariDataSource ==== HikariPool-1 - Shutdown completed.
2025-07-13 === [restartedMain] === INFO  === org.apache.catalina.core.StandardService ==== Stopping service [Tomcat]
2025-07-13 === [restartedMain] === INFO  === o.s.b.a.logging.ConditionEvaluationReportLogger ==== 

Error starting ApplicationContext. To display the condition evaluation report re-run your application with 'debug' enabled.
2025-07-13 === [restartedMain] === ERROR === org.springframework.boot.SpringApplication ==== Application run failed
org.springframework.beans.factory.BeanCreationException: Error creating bean with name 'redisKeyExpirationService' defined in file [D:\Users\zhui\Desktop\Repo2.0\parking_java\target\classes\com\sideproject\parking_java\redis\RedisKeyExpirationService.class]: Unable to connect to Redis
	at org.springframework.beans.factory.support.AbstractAutowireCapableBeanFactory.initializeBean(AbstractAutowireCapableBeanFactory.java:1826)
	at org.springframework.beans.factory.support.AbstractAutowireCapableBeanFactory.doCreateBean(AbstractAutowireCapableBeanFactory.java:607)
	at org.springframework.beans.factory.support.AbstractAutowireCapableBeanFactory.createBean(AbstractAutowireCapableBeanFactory.java:529)
	at org.springframework.beans.factory.support.AbstractBeanFactory.lambda$doGetBean$0(AbstractBeanFactory.java:339)
	at org.springframework.beans.factory.support.DefaultSingletonBeanRegistry.getSingleton(DefaultSingletonBeanRegistry.java:373)
	at org.springframework.beans.factory.support.AbstractBeanFactory.doGetBean(AbstractBeanFactory.java:337)
	at org.springframework.beans.factory.support.AbstractBeanFactory.getBean(AbstractBeanFactory.java:202)
	at org.springframework.beans.factory.support.DefaultListableBeanFactory.instantiateSingleton(DefaultListableBeanFactory.java:1222)
	at org.springframework.beans.factory.support.DefaultListableBeanFactory.preInstantiateSingleton(DefaultListableBeanFactory.java:1188)
	at org.springframework.beans.factory.support.DefaultListableBeanFactory.preInstantiateSingletons(DefaultListableBeanFactory.java:1123)
	at org.springframework.context.support.AbstractApplicationContext.finishBeanFactoryInitialization(AbstractApplicationContext.java:987)
	at org.springframework.context.support.AbstractApplicationContext.refresh(AbstractApplicationContext.java:627)
	at org.springframework.boot.web.servlet.context.ServletWebServerApplicationContext.refresh(ServletWebServerApplicationContext.java:146)
	at org.springframework.boot.SpringApplication.refresh(SpringApplication.java:753)
	at org.springframework.boot.SpringApplication.refreshContext(SpringApplication.java:439)
	at org.springframework.boot.SpringApplication.run(SpringApplication.java:318)
	at org.springframework.boot.SpringApplication.run(SpringApplication.java:1362)
	at org.springframework.boot.SpringApplication.run(SpringApplication.java:1351)
	at com.sideproject.parking_java.ParkingJavaApplication.main(ParkingJavaApplication.java:10)
	at java.base/jdk.internal.reflect.NativeMethodAccessorImpl.invoke0(Native Method)
	at java.base/jdk.internal.reflect.NativeMethodAccessorImpl.invoke(NativeMethodAccessorImpl.java:77)
	at java.base/jdk.internal.reflect.DelegatingMethodAccessorImpl.invoke(DelegatingMethodAccessorImpl.java:43)
	at java.base/java.lang.reflect.Method.invoke(Method.java:568)
	at org.springframework.boot.devtools.restart.RestartLauncher.run(RestartLauncher.java:50)
Caused by: org.springframework.data.redis.RedisConnectionFailureException: Unable to connect to Redis
	at org.springframework.data.redis.connection.lettuce.LettuceConnectionFactory$ExceptionTranslatingConnectionProvider.translateException(LettuceConnectionFactory.java:1858)
	at org.springframework.data.redis.connection.lettuce.LettuceConnectionFactory$ExceptionTranslatingConnectionProvider.getConnection(LettuceConnectionFactory.java:1789)
	at org.springframework.data.redis.connection.lettuce.LettuceConnectionFactory$SharedConnection.getNativeConnection(LettuceConnectionFactory.java:1586)
	at org.springframework.data.redis.connection.lettuce.LettuceConnectionFactory$SharedConnection.lambda$getConnection$0(LettuceConnectionFactory.java:1566)
	at org.springframework.data.redis.connection.lettuce.LettuceConnectionFactory.doInLock(LettuceConnectionFactory.java:1527)
	at org.springframework.data.redis.connection.lettuce.LettuceConnectionFactory$SharedConnection.getConnection(LettuceConnectionFactory.java:1563)
	at org.springframework.data.redis.connection.lettuce.LettuceConnectionFactory.getSharedClusterConnection(LettuceConnectionFactory.java:1263)
	at org.springframework.data.redis.connection.lettuce.LettuceConnectionFactory.getClusterConnection(LettuceConnectionFactory.java:1074)
	at org.springframework.data.redis.connection.lettuce.LettuceConnectionFactory.getConnection(LettuceConnectionFactory.java:1052)
	at org.springframework.data.redis.listener.KeyspaceEventMessageListener.init(KeyspaceEventMessageListener.java:105)
	at org.springframework.data.redis.listener.KeyspaceEventMessageListener.afterPropertiesSet(KeyspaceEventMessageListener.java:70)
	at org.springframework.beans.factory.support.AbstractAutowireCapableBeanFactory.invokeInitMethods(AbstractAutowireCapableBeanFactory.java:1873)
	at org.springframework.beans.factory.support.AbstractAutowireCapableBeanFactory.initializeBean(AbstractAutowireCapableBeanFactory.java:1822)
	... 23 common frames omitted
Caused by: org.springframework.data.redis.connection.PoolException: Could not get a resource from the pool
	at org.springframework.data.redis.connection.lettuce.LettucePoolingConnectionProvider.getConnection(LettucePoolingConnectionProvider.java:114)
	at org.springframework.data.redis.connection.lettuce.LettuceConnectionFactory$ExceptionTranslatingConnectionProvider.getConnection(LettuceConnectionFactory.java:1787)
	... 34 common frames omitted
Caused by: io.lettuce.core.RedisException: Cannot obtain initial Redis Cluster topology
	at io.lettuce.core.cluster.RedisClusterClient.lambda$getPartitions$0(RedisClusterClient.java:336)
	at io.lettuce.core.cluster.RedisClusterClient.get(RedisClusterClient.java:970)
	at io.lettuce.core.cluster.RedisClusterClient.getPartitions(RedisClusterClient.java:336)
	at org.springframework.data.redis.connection.lettuce.ClusterConnectionProvider.getConnectionAsync(ClusterConnectionProvider.java:100)
	at org.springframework.data.redis.connection.lettuce.ClusterConnectionProvider.getConnectionAsync(ClusterConnectionProvider.java:44)
	at org.springframework.data.redis.connection.lettuce.LettuceConnectionProvider.getConnection(LettuceConnectionProvider.java:53)
	at org.springframework.data.redis.connection.lettuce.LettucePoolingConnectionProvider.lambda$getConnection$0(LettucePoolingConnectionProvider.java:96)
	at io.lettuce.core.support.ConnectionPoolSupport$RedisPooledObjectFactory.create(ConnectionPoolSupport.java:196)
	at io.lettuce.core.support.ConnectionPoolSupport$RedisPooledObjectFactory.create(ConnectionPoolSupport.java:186)
	at org.apache.commons.pool2.BasePooledObjectFactory.makeObject(BasePooledObjectFactory.java:68)
	at org.apache.commons.pool2.impl.GenericObjectPool.create(GenericObjectPool.java:557)
	at org.apache.commons.pool2.impl.GenericObjectPool.borrowObject(GenericObjectPool.java:299)
	at org.apache.commons.pool2.impl.GenericObjectPool.borrowObject(GenericObjectPool.java:231)
	at io.lettuce.core.support.ConnectionPoolSupport$1.borrowObject(ConnectionPoolSupport.java:107)
	at io.lettuce.core.support.ConnectionPoolSupport$1.borrowObject(ConnectionPoolSupport.java:102)
	at org.springframework.data.redis.connection.lettuce.LettucePoolingConnectionProvider.getConnection(LettucePoolingConnectionProvider.java:109)
	... 35 common frames omitted
Caused by: io.lettuce.core.cluster.topology.DefaultClusterTopologyRefresh$CannotRetrieveClusterPartitions: Cannot retrieve cluster partitions from [rediss://parkingjava-3f4b3j.serverless.apse2.cache.amazonaws.com:6379?timeout=3s]

Details:
	[rediss://parkingjava-3f4b3j.serverless.apse2.cache.amazonaws.com:6379?timeout=3s]: java.nio.channels.ClosedChannelException

	Suppressed: io.lettuce.core.RedisConnectionException: Unable to connect to [parkingjava-3f4b3j.serverless.apse2.cache.amazonaws.com/<unresolved>:6379]: java.nio.channels.ClosedChannelException
		at io.lettuce.core.cluster.topology.DefaultClusterTopologyRefresh.lambda$openConnections$12(DefaultClusterTopologyRefresh.java:350)
		at java.base/java.util.concurrent.CompletableFuture.uniWhenComplete(CompletableFuture.java:863)
		at java.base/java.util.concurrent.CompletableFuture$UniWhenComplete.tryFire(CompletableFuture.java:841)
		at java.base/java.util.concurrent.CompletableFuture.postComplete(CompletableFuture.java:510)
		at java.base/java.util.concurrent.CompletableFuture.completeExceptionally(CompletableFuture.java:2162)
		at io.lettuce.core.AbstractRedisClient.lambda$initializeChannelAsync0$6(AbstractRedisClient.java:458)
		at io.netty.util.concurrent.DefaultPromise.notifyListener0(DefaultPromise.java:603)
		at io.netty.util.concurrent.DefaultPromise.notifyListeners0(DefaultPromise.java:596)
		at io.netty.util.concurrent.DefaultPromise.notifyListenersNow(DefaultPromise.java:572)
		at io.netty.util.concurrent.DefaultPromise.notifyListeners(DefaultPromise.java:505)
		at io.netty.util.concurrent.DefaultPromise.setValue0(DefaultPromise.java:649)
		at io.netty.util.concurrent.DefaultPromise.setFailure0(DefaultPromise.java:642)
		at io.netty.util.concurrent.DefaultPromise.tryFailure(DefaultPromise.java:131)
		at io.netty.channel.nio.AbstractNioChannel.doClose(AbstractNioChannel.java:507)
		at io.netty.channel.socket.nio.NioSocketChannel.doClose(NioSocketChannel.java:348)
		at io.netty.channel.AbstractChannel$AbstractUnsafe.doClose0(AbstractChannel.java:752)
		at io.netty.channel.AbstractChannel$AbstractUnsafe.close(AbstractChannel.java:729)
		at io.netty.channel.AbstractChannel$AbstractUnsafe.close(AbstractChannel.java:619)
		at io.netty.channel.DefaultChannelPipeline$HeadContext.close(DefaultChannelPipeline.java:1299)
		at io.netty.channel.AbstractChannelHandlerContext.invokeClose(AbstractChannelHandlerContext.java:755)
		at io.netty.channel.AbstractChannelHandlerContext.close(AbstractChannelHandlerContext.java:733)
		at io.netty.handler.ssl.SslHandler.closeOutboundAndChannel(SslHandler.java:2095)
		at io.netty.handler.ssl.SslHandler.close(SslHandler.java:759)
		at io.netty.channel.AbstractChannelHandlerContext.invokeClose(AbstractChannelHandlerContext.java:761)
		at io.netty.channel.AbstractChannelHandlerContext.access$1200(AbstractChannelHandlerContext.java:61)
		at io.netty.channel.AbstractChannelHandlerContext$11.run(AbstractChannelHandlerContext.java:738)
		at io.netty.util.concurrent.AbstractEventExecutor.runTask(AbstractEventExecutor.java:173)
		at io.netty.util.concurrent.AbstractEventExecutor.safeExecute(AbstractEventExecutor.java:166)
		at io.netty.util.concurrent.SingleThreadEventExecutor.runAllTasks(SingleThreadEventExecutor.java:472)
		at io.netty.channel.nio.NioEventLoop.run(NioEventLoop.java:569)
		at io.netty.util.concurrent.SingleThreadEventExecutor$4.run(SingleThreadEventExecutor.java:998)
		at io.netty.util.internal.ThreadExecutorMap$2.run(ThreadExecutorMap.java:74)
		at io.netty.util.concurrent.FastThreadLocalRunnable.run(FastThreadLocalRunnable.java:30)
		at java.base/java.lang.Thread.run(Thread.java:842)
	Caused by: java.nio.channels.ClosedChannelException: null
		... 21 common frames omitted
